<?xml version="1.0" encoding="UTF-8"?>
<!-- Generated by org.testng.reporters.JUnitReportReporter -->
<testsuite hostname="DESKTOP-7MG76FP" failures="0" tests="1" name="sampleProject.Sample2" time="10.103" errors="0" timestamp="2023-02-09T09:01:58 IST" skipped="0">
  <testcase classname="sampleProject.Sample2" name="Sample_TestNG" time="10.103"/>
  <system-out/>
</testsuite> <!-- sampleProject.Sample2 -->
