<?xml version="1.0" encoding="UTF-8"?>
<!-- Generated by org.testng.reporters.JUnitReportReporter -->
<testsuite hostname="DESKTOP-7MG76FP" failures="0" tests="1" name="sampleProject.Sample" time="0.028" errors="0" timestamp="2023-02-09T17:30:06 IST" skipped="0">
  <testcase classname="sampleProject.Sample" name="verifyHomepageTitle" time="0.028"/>
  <system-out/>
</testsuite> <!-- sampleProject.Sample -->
